SET_PARAMETER phase_offset_angles10 0
SET_PARAMETER phase_offset_angles11 0
SET_PARAMETER phase_offset_angles12 0
SET_PARAMETER phase_offset_angles13 0
SET_PARAMETER phase_offset_angles14 0
SET_PARAMETER phase_offset_angles15 0
SET_PARAMETER frequency_resolution 0.4
SET_PARAMETER phase_offset_angles16 0
SET_PARAMETER phase_offset None
SET_PARAMETER pinc10 0
SET_PARAMETER pinc11 0
SET_PARAMETER pinc12 0
SET_PARAMETER pinc13 0
SET_PARAMETER pinc14 0
SET_PARAMETER pinc15 0
SET_PARAMETER pinc16 0
SET_PARAMETER phase_width 27
SET_PARAMETER output_selection Sine
SET_PARAMETER spurious_free_dynamic_range 48
SET_PARAMETER negative_sine false
SET_PARAMETER explicit_period false
SET_PARAMETER gui_behaviour Coregen
SET_PARAMETER memory_type Auto
SET_PARAMETER has_phase_out false
SET_PARAMETER phase_increment Fixed
SET_PARAMETER sclr_pin false
SET_PARAMETER negative_cosine false
SET_PARAMETER period 1
SET_PARAMETER dsp48_use Minimal
SET_PARAMETER parameter_entry System_Parameters
SET_PARAMETER dds_clock_rate 32
SET_PARAMETER output_width 8
SET_PARAMETER latency 2
SET_PARAMETER noise_shaping Auto
SET_PARAMETER optimization_goal Auto
SET_PARAMETER component_name data200k
SET_PARAMETER poff1 0
SET_PARAMETER poff2 0
SET_PARAMETER channels 1
SET_PARAMETER poff3 0
SET_PARAMETER poff4 0
SET_PARAMETER poff5 0
SET_PARAMETER poff6 0
SET_PARAMETER poff10 0
SET_PARAMETER amplitude_mode Full_Range
SET_PARAMETER poff11 0
SET_PARAMETER poff7 0
SET_PARAMETER poff8 0
SET_PARAMETER poff12 0
SET_PARAMETER poff9 0
SET_PARAMETER poff13 0
SET_PARAMETER output_frequency1 0.2
SET_PARAMETER poff14 0
SET_PARAMETER output_frequency2 0
SET_PARAMETER poff15 0
SET_PARAMETER output_frequency3 0
SET_PARAMETER poff16 0
SET_PARAMETER output_frequency4 0
SET_PARAMETER phase_offset_angles1 0
SET_PARAMETER output_frequency5 0
SET_PARAMETER phase_offset_angles2 0
SET_PARAMETER output_frequency6 0
SET_PARAMETER phase_offset_angles3 0
SET_PARAMETER pinc1 11001100110011001100
SET_PARAMETER output_frequency7 0
SET_PARAMETER por_mode false
SET_PARAMETER phase_offset_angles4 0
SET_PARAMETER pinc2 0
SET_PARAMETER output_frequency8 0
SET_PARAMETER phase_offset_angles5 0
SET_PARAMETER pinc3 0
SET_PARAMETER output_frequency9 0
SET_PARAMETER phase_offset_angles6 0
SET_PARAMETER pinc4 0
SET_PARAMETER pinc5 0
SET_PARAMETER phase_offset_angles7 0
SET_PARAMETER pinc6 0
SET_PARAMETER phase_offset_angles8 0
SET_PARAMETER pinc7 0
SET_PARAMETER phase_offset_angles9 0
SET_PARAMETER pinc8 0
SET_PARAMETER pinc9 0
SET_PARAMETER clock_enable false
SET_PARAMETER latency_configuration Auto
SET_PARAMETER partspresent Phase_Generator_and_SIN_COS_LUT
SET_PARAMETER rfd false
SET_PARAMETER channel_pin false
SET_PARAMETER output_frequency10 0
SET_PARAMETER output_frequency11 0
SET_PARAMETER output_frequency12 0
SET_PARAMETER output_frequency13 0
SET_PARAMETER output_frequency14 0
SET_PARAMETER output_frequency15 0
SET_PARAMETER rdy false
SET_PARAMETER output_frequency16 0
SET_ERROR_CODE 2
SET_ERROR_MSG  CANCEL: Customization cancelled.
SET_ERROR_TEXT Finished initializing IP model.	
